http: Visit data for patient 789 written by healthcare professional 257 received in the message queue {"service":"pdf-generation-service","timestamp":"22-03-2021 18:24:16"}
http: Visit data for patient 789 written by healthcare professional 257 received in the message queue {"service":"pdf-generation-service","timestamp":"22-03-2021 18:26:26"}
http: Visit data for patient 789 written by healthcare professional 257 received in the message queue {"service":"pdf-generation-service","timestamp":"22-03-2021 18:26:42"}
http: Visit data for patient 789 written by healthcare professional 257 received in the message queue {"service":"pdf-generation-service","timestamp":"22-03-2021 18:31:44"}
http: Visit data for patient 789 written by healthcare professional 257 received in the message queue {"service":"pdf-generation-service","timestamp":"22-03-2021 18:34:21"}
http: Visit data for patient 789 written by healthcare professional 257 received in the message queue {"service":"pdf-generation-service","timestamp":"22-03-2021 18:37:43"}
http: Visit data for patient 789 written by healthcare professional 257 received in the message queue {"service":"pdf-generation-service","timestamp":"22-03-2021 18:39:19"}
http: Visit data for patient 789 written by healthcare professional 257 received in the message queue {"service":"pdf-generation-service","timestamp":"22-03-2021 18:41:48"}
http: Visit data for patient 789 written by healthcare professional 257 received in the message queue {"service":"pdf-generation-service","timestamp":"22-03-2021 18:43:13"}
http: Visit data for patient 789 written by healthcare professional 257 received in the message queue {"service":"pdf-generation-service","timestamp":"22-03-2021 18:44:40"}
http: Visit data for patient 789 written by healthcare professional 257 received in the message queue {"service":"pdf-generation-service","timestamp":"22-03-2021 18:45:26"}
http: PDF publish request came for visit id 256 {"metaData":{"performedBy":"PDF Genertion Service"},"service":"pdf-generation-service","timestamp":"22-03-2021 18:45:27"}
http: Visit report for visit id 256 has been submitted to the queue {"metaData":{"performedBy":"PDF Generation Service"},"service":"pdf-generation-service","timestamp":"22-03-2021 18:45:27"}
error: Some error occured while submitting the visit report for visit 256 to the queue {"metaData":{"performedBy":"PDF Generation Service"},"service":"pdf-generation-service","timestamp":"22-03-2021 18:45:27"}
http: Visit data for patient 789 written by healthcare professional 257 received in the message queue {"service":"pdf-generation-service","timestamp":"22-03-2021 19:24:48"}
http: PDF publish request came for visit id 256 {"metaData":{"performedBy":"PDF Genertion Service"},"service":"pdf-generation-service","timestamp":"22-03-2021 19:24:49"}
http: Visit report for visit id 256 has been submitted to the queue {"metaData":{"performedBy":"PDF Generation Service"},"service":"pdf-generation-service","timestamp":"22-03-2021 19:24:49"}
http: Visit data for patient 790 written by healthcare professional 257 received in the message queue {"service":"pdf-generation-service","timestamp":"22-03-2021 19:41:56"}
http: Visit data for patient 790 written by healthcare professional 257 received in the message queue {"service":"pdf-generation-service","timestamp":"22-03-2021 19:42:59"}
http: Visit data for patient 790 written by healthcare professional 257 received in the message queue {"service":"pdf-generation-service","timestamp":"22-03-2021 19:43:58"}
http: Visit data for patient 790 written by healthcare professional 257 received in the message queue {"service":"pdf-generation-service","timestamp":"22-03-2021 19:44:26"}
http: Visit data for patient 790 written by healthcare professional 257 received in the message queue {"service":"pdf-generation-service","timestamp":"22-03-2021 19:48:18"}
http: Visit data for patient 790 written by healthcare professional 257 received in the message queue {"service":"pdf-generation-service","timestamp":"22-03-2021 19:48:52"}
http: Visit data for patient 790 written by healthcare professional 257 received in the message queue {"service":"pdf-generation-service","timestamp":"22-03-2021 19:49:19"}
http: Visit data for patient 790 written by healthcare professional 257 received in the message queue {"service":"pdf-generation-service","timestamp":"22-03-2021 19:50:28"}
http: Visit data for patient 790 written by healthcare professional 257 received in the message queue {"service":"pdf-generation-service","timestamp":"22-03-2021 19:51:19"}
http: Visit data for patient 790 written by healthcare professional 257 received in the message queue {"service":"pdf-generation-service","timestamp":"22-03-2021 19:53:03"}
http: Visit data for patient 790 written by healthcare professional 257 received in the message queue {"service":"pdf-generation-service","timestamp":"22-03-2021 19:55:08"}
http: Visit data for patient 790 written by healthcare professional 257 received in the message queue {"service":"pdf-generation-service","timestamp":"22-03-2021 19:56:19"}
http: Visit data for patient 790 written by healthcare professional 257 received in the message queue {"service":"pdf-generation-service","timestamp":"22-03-2021 19:58:52"}
http: Visit data for patient 790 written by healthcare professional 257 received in the message queue {"service":"pdf-generation-service","timestamp":"22-03-2021 19:59:29"}
http: Visit data for patient 790 written by healthcare professional 257 received in the message queue {"service":"pdf-generation-service","timestamp":"22-03-2021 20:21:53"}
http: Visit data for patient 790 written by healthcare professional 257 received in the message queue {"service":"pdf-generation-service","timestamp":"22-03-2021 20:23:07"}
http: Visit data for patient 790 written by healthcare professional 257 received in the message queue {"service":"pdf-generation-service","timestamp":"22-03-2021 20:24:20"}
http: Visit data for patient 790 written by healthcare professional 257 received in the message queue {"service":"pdf-generation-service","timestamp":"22-03-2021 20:28:23"}
http: Visit data for patient 790 written by healthcare professional 257 received in the message queue {"service":"pdf-generation-service","timestamp":"22-03-2021 20:29:01"}
http: Visit data for patient 790 written by healthcare professional 257 received in the message queue {"service":"pdf-generation-service","timestamp":"22-03-2021 20:29:45"}
http: Visit data for patient 790 written by healthcare professional 257 received in the message queue {"service":"pdf-generation-service","timestamp":"22-03-2021 20:30:24"}
http: Visit data for patient 790 written by healthcare professional 257 received in the message queue {"service":"pdf-generation-service","timestamp":"22-03-2021 20:31:02"}
http: Visit data for patient 790 written by healthcare professional 257 received in the message queue {"service":"pdf-generation-service","timestamp":"22-03-2021 20:31:18"}
http: Visit data for patient 790 written by healthcare professional 257 received in the message queue {"service":"pdf-generation-service","timestamp":"22-03-2021 20:47:26"}
http: Visit data for patient 790 written by healthcare professional 257 received in the message queue {"service":"pdf-generation-service","timestamp":"22-03-2021 20:47:56"}
http: Visit data for patient 790 written by healthcare professional 257 received in the message queue {"service":"pdf-generation-service","timestamp":"22-03-2021 20:48:22"}
http: Visit data for patient 790 written by healthcare professional 257 received in the message queue {"service":"pdf-generation-service","timestamp":"22-03-2021 20:48:47"}
http: Visit data for patient 790 written by healthcare professional 257 received in the message queue {"service":"pdf-generation-service","timestamp":"22-03-2021 22:55:12"}
http: Visit data for patient 790 written by healthcare professional 257 received in the message queue {"service":"pdf-generation-service","timestamp":"22-03-2021 22:56:15"}
http: Visit data for patient 790 written by healthcare professional 257 received in the message queue {"service":"pdf-generation-service","timestamp":"22-03-2021 22:57:12"}
http: Visit data for patient 790 written by healthcare professional 257 received in the message queue {"service":"pdf-generation-service","timestamp":"22-03-2021 23:00:02"}
http: Visit data for patient 790 written by healthcare professional 257 received in the message queue {"service":"pdf-generation-service","timestamp":"22-03-2021 23:01:33"}
http: Visit data for patient 790 written by healthcare professional 257 received in the message queue {"service":"pdf-generation-service","timestamp":"22-03-2021 23:02:03"}
http: Visit data for patient 790 written by healthcare professional 257 received in the message queue {"service":"pdf-generation-service","timestamp":"22-03-2021 23:02:49"}
http: Visit data for patient 790 written by healthcare professional 257 received in the message queue {"service":"pdf-generation-service","timestamp":"22-03-2021 23:08:41"}
http: Visit data for patient 790 written by healthcare professional 257 received in the message queue {"service":"pdf-generation-service","timestamp":"22-03-2021 23:09:26"}
http: Visit data for patient 790 written by healthcare professional 257 received in the message queue {"service":"pdf-generation-service","timestamp":"22-03-2021 23:10:49"}
http: Visit data for patient 790 written by healthcare professional 257 received in the message queue {"service":"pdf-generation-service","timestamp":"22-03-2021 23:11:28"}
http: Visit data for patient 790 written by healthcare professional 257 received in the message queue {"service":"pdf-generation-service","timestamp":"22-03-2021 23:14:01"}
http: Visit data for patient 790 written by healthcare professional 257 received in the message queue {"service":"pdf-generation-service","timestamp":"22-03-2021 23:15:31"}
http: Visit data for patient 790 written by healthcare professional 257 received in the message queue {"service":"pdf-generation-service","timestamp":"22-03-2021 23:16:14"}
http: Visit data for patient 790 written by healthcare professional 257 received in the message queue {"service":"pdf-generation-service","timestamp":"22-03-2021 23:19:48"}
http: Visit data for patient 790 written by healthcare professional 257 received in the message queue {"service":"pdf-generation-service","timestamp":"22-03-2021 23:20:49"}
http: Visit data for patient 790 written by healthcare professional 257 received in the message queue {"service":"pdf-generation-service","timestamp":"22-03-2021 23:23:32"}
http: Visit data for patient 790 written by healthcare professional 257 received in the message queue {"service":"pdf-generation-service","timestamp":"22-03-2021 23:25:06"}
http: Visit data for patient 790 written by healthcare professional 257 received in the message queue {"service":"pdf-generation-service","timestamp":"22-03-2021 23:28:13"}
http: Visit data for patient 790 written by healthcare professional 257 received in the message queue {"service":"pdf-generation-service","timestamp":"22-03-2021 23:29:49"}
http: Visit data for patient 790 written by healthcare professional 257 received in the message queue {"service":"pdf-generation-service","timestamp":"22-03-2021 23:30:36"}
http: Visit data for patient 790 written by healthcare professional 257 received in the message queue {"service":"pdf-generation-service","timestamp":"22-03-2021 23:31:32"}
http: Visit data for patient 790 written by healthcare professional 257 received in the message queue {"service":"pdf-generation-service","timestamp":"22-03-2021 23:31:49"}
http: Visit data for patient 790 written by healthcare professional 257 received in the message queue {"service":"pdf-generation-service","timestamp":"22-03-2021 23:34:44"}
http: Visit data for patient 790 written by healthcare professional 257 received in the message queue {"service":"pdf-generation-service","timestamp":"22-03-2021 23:43:37"}
http: Visit data for patient 790 written by healthcare professional 257 received in the message queue {"service":"pdf-generation-service","timestamp":"22-03-2021 23:47:58"}
http: Visit data for patient 790 written by healthcare professional 257 received in the message queue {"service":"pdf-generation-service","timestamp":"22-03-2021 23:57:12"}
http: PDF publish request came for visit id 255 {"metaData":{"performedBy":"PDF Genertion Service"},"service":"pdf-generation-service","timestamp":"22-03-2021 23:57:13"}
http: Visit report for visit id 255 has been submitted to the queue {"metaData":{"performedBy":"PDF Generation Service"},"service":"pdf-generation-service","timestamp":"22-03-2021 23:57:13"}
http: Visit data for patient 790 written by healthcare professional 257 received in the message queue {"service":"pdf-generation-service","timestamp":"23-03-2021 00:01:15"}
http: Visit data for patient 790 written by healthcare professional 257 received in the message queue {"service":"pdf-generation-service","timestamp":"23-03-2021 00:06:20"}
http: PDF publish request came for visit id 255 {"metaData":{"performedBy":"PDF Genertion Service"},"service":"pdf-generation-service","timestamp":"23-03-2021 00:06:21"}
http: Visit report for visit id 255 has been submitted to the queue {"metaData":{"performedBy":"PDF Generation Service"},"service":"pdf-generation-service","timestamp":"23-03-2021 00:06:21"}
http: Visit data for patient 997 written by healthcare professional 998 received in the message queue {"service":"pdf-generation-service","timestamp":"23-03-2021 00:23:47"}
http: Visit data for patient 997 written by healthcare professional 998 received in the message queue {"service":"pdf-generation-service","timestamp":"23-03-2021 00:26:10"}
http: PDF publish request came for visit id 999 {"metaData":{"performedBy":"PDF Genertion Service"},"service":"pdf-generation-service","timestamp":"23-03-2021 00:26:11"}
http: Visit report for visit id 999 has been submitted to the queue {"metaData":{"performedBy":"PDF Generation Service"},"service":"pdf-generation-service","timestamp":"23-03-2021 00:26:11"}
http: Visit data for patient 997 written by healthcare professional 998 received in the message queue {"service":"pdf-generation-service","timestamp":"23-03-2021 00:28:39"}
http: Visit data for patient 997 written by healthcare professional 998 received in the message queue {"service":"pdf-generation-service","timestamp":"23-03-2021 00:29:08"}
http: PDF publish request came for visit id 999 {"metaData":{"performedBy":"PDF Genertion Service"},"service":"pdf-generation-service","timestamp":"23-03-2021 00:29:09"}
http: Visit report for visit id 999 has been submitted to the queue {"metaData":{"performedBy":"PDF Generation Service"},"service":"pdf-generation-service","timestamp":"23-03-2021 00:29:09"}
http: Visit data for patient 997 written by healthcare professional 998 received in the message queue {"service":"pdf-generation-service","timestamp":"23-03-2021 00:31:56"}
http: Visit data for patient 997 written by healthcare professional 998 received in the message queue {"service":"pdf-generation-service","timestamp":"23-03-2021 00:35:40"}
http: PDF publish request came for visit id 999 {"metaData":{"performedBy":"PDF Genertion Service"},"service":"pdf-generation-service","timestamp":"23-03-2021 00:35:40"}
http: Visit report for visit id 999 has been submitted to the queue {"metaData":{"performedBy":"PDF Generation Service"},"service":"pdf-generation-service","timestamp":"23-03-2021 00:35:41"}
http: Visit data for patient 997 written by healthcare professional 998 received in the message queue {"service":"pdf-generation-service","timestamp":"01-04-2021 21:05:47"}
http: PDF publish request came for visit id undefined {"metaData":{"performedBy":"PDF Genertion Service"},"service":"pdf-generation-service","timestamp":"01-04-2021 21:05:48"}
http: Visit report for visit id undefined has been submitted to the queue {"metaData":{"performedBy":"PDF Generation Service"},"service":"pdf-generation-service","timestamp":"01-04-2021 21:05:48"}
http: Visit data for patient 997 written by healthcare professional 998 received in the message queue {"service":"pdf-generation-service","timestamp":"01-04-2021 21:09:26"}
http: Visit data for patient 997 written by healthcare professional 998 received in the message queue {"service":"pdf-generation-service","timestamp":"01-04-2021 21:11:09"}
http: PDF publish request came for visit id undefined {"metaData":{"performedBy":"PDF Genertion Service"},"service":"pdf-generation-service","timestamp":"01-04-2021 21:11:09"}
http: Visit report for visit id undefined has been submitted to the queue {"metaData":{"performedBy":"PDF Generation Service"},"service":"pdf-generation-service","timestamp":"01-04-2021 21:11:09"}
http: Visit data for patient 997 written by healthcare professional 998 received in the message queue {"service":"pdf-generation-service","timestamp":"01-04-2021 21:12:50"}
http: Visit data for patient 997 written by healthcare professional 998 received in the message queue {"service":"pdf-generation-service","timestamp":"02-04-2021 11:35:41"}
http: PDF publish request came for visit id undefined {"metaData":{"performedBy":"PDF Genertion Service"},"service":"pdf-generation-service","timestamp":"02-04-2021 11:35:42"}
http: Visit report for visit id undefined has been submitted to the queue {"metaData":{"performedBy":"PDF Generation Service"},"service":"pdf-generation-service","timestamp":"02-04-2021 11:35:43"}
http: Visit data for patient 453 written by healthcare professional 998 received in the message queue {"service":"pdf-generation-service","timestamp":"02-04-2021 11:39:13"}
http: Visit data for patient 453 written by healthcare professional 998 received in the message queue {"service":"pdf-generation-service","timestamp":"02-04-2021 11:46:57"}
http: PDF publish request came for visit id undefined {"metaData":{"performedBy":"PDF Genertion Service"},"service":"pdf-generation-service","timestamp":"02-04-2021 11:46:58"}
http: Visit report for visit id undefined has been submitted to the queue {"metaData":{"performedBy":"PDF Generation Service"},"service":"pdf-generation-service","timestamp":"02-04-2021 11:46:58"}
http: Visit data for patient 453 written by healthcare professional 998 received in the message queue {"service":"pdf-generation-service","timestamp":"02-04-2021 11:53:36"}
http: PDF publish request came for visit id 22 {"metaData":{"performedBy":"PDF Genertion Service"},"service":"pdf-generation-service","timestamp":"02-04-2021 11:53:37"}
http: Visit report for visit id 22 has been submitted to the queue {"metaData":{"performedBy":"PDF Generation Service"},"service":"pdf-generation-service","timestamp":"02-04-2021 11:53:37"}
http: Visit data for patient 453 written by healthcare professional 998 received in the message queue {"service":"pdf-generation-service","timestamp":"02-04-2021 11:54:29"}
http: Visit data for patient 453 written by healthcare professional 998 received in the message queue {"service":"pdf-generation-service","timestamp":"02-04-2021 11:55:37"}
http: PDF publish request came for visit id 23 {"metaData":{"performedBy":"PDF Genertion Service"},"service":"pdf-generation-service","timestamp":"02-04-2021 11:55:37"}
http: Visit report for visit id 23 has been submitted to the queue {"metaData":{"performedBy":"PDF Generation Service"},"service":"pdf-generation-service","timestamp":"02-04-2021 11:55:37"}
http: Visit data for patient 453 written by healthcare professional 998 received in the message queue {"service":"pdf-generation-service","timestamp":"02-04-2021 12:07:20"}
http: Visit data for patient 453 written by healthcare professional 998 received in the message queue {"service":"pdf-generation-service","timestamp":"02-04-2021 12:07:35"}
http: PDF publish request came for visit id 24 {"metaData":{"performedBy":"PDF Genertion Service"},"service":"pdf-generation-service","timestamp":"02-04-2021 12:07:36"}
http: Visit report for visit id 24 has been submitted to the queue {"metaData":{"performedBy":"PDF Generation Service"},"service":"pdf-generation-service","timestamp":"02-04-2021 12:07:36"}
http: Visit data for patient 454 written by healthcare professional 998 received in the message queue {"service":"pdf-generation-service","timestamp":"02-04-2021 12:27:12"}
http: PDF publish request came for visit id 25 {"metaData":{"performedBy":"PDF Genertion Service"},"service":"pdf-generation-service","timestamp":"02-04-2021 12:27:13"}
http: Visit report for visit id 25 has been submitted to the queue {"metaData":{"performedBy":"PDF Generation Service"},"service":"pdf-generation-service","timestamp":"02-04-2021 12:27:13"}
http: Visit data for patient 455 written by healthcare professional 998 received in the message queue {"service":"pdf-generation-service","timestamp":"02-04-2021 12:27:48"}
http: PDF publish request came for visit id 26 {"metaData":{"performedBy":"PDF Genertion Service"},"service":"pdf-generation-service","timestamp":"02-04-2021 12:27:49"}
http: Visit report for visit id 26 has been submitted to the queue {"metaData":{"performedBy":"PDF Generation Service"},"service":"pdf-generation-service","timestamp":"02-04-2021 12:27:49"}
http: Visit data for patient 101 written by healthcare professional 201 received in the message queue {"service":"pdf-generation-service","timestamp":"23-04-2021 21:50:45"}
http: PDF publish request came for visit id 1 {"metaData":{"performedBy":"PDF Genertion Service"},"service":"pdf-generation-service","timestamp":"23-04-2021 21:50:47"}
http: Visit report for visit id 1 has been submitted to the queue {"metaData":{"performedBy":"PDF Generation Service"},"service":"pdf-generation-service","timestamp":"23-04-2021 21:50:47"}
http: Visit data for patient 103 written by healthcare professional 203 received in the message queue {"service":"pdf-generation-service","timestamp":"23-04-2021 22:16:59"}
http: PDF publish request came for visit id 2 {"metaData":{"performedBy":"PDF Genertion Service"},"service":"pdf-generation-service","timestamp":"23-04-2021 22:17:00"}
http: Visit report for visit id 2 has been submitted to the queue {"metaData":{"performedBy":"PDF Generation Service"},"service":"pdf-generation-service","timestamp":"23-04-2021 22:17:00"}
http: Visit data for patient 103 written by healthcare professional 203 received in the message queue {"service":"pdf-generation-service","timestamp":"24-04-2021 17:10:38"}
http: PDF publish request came for visit id 2 {"metaData":{"performedBy":"PDF Genertion Service"},"service":"pdf-generation-service","timestamp":"24-04-2021 17:10:39"}
http: Visit report for visit id 2 has been submitted to the queue {"metaData":{"performedBy":"PDF Generation Service"},"service":"pdf-generation-service","timestamp":"24-04-2021 17:10:40"}
