http: Post request for storing visit document for patient 2 {"metaData":{"ip":"::1"},"service":"docs-aggregator-service","timestamp":"07-02-2021 22:41:07"}
http: Visit report for patient 2 and healthcare professional 122 has been submitted to the queue {"metaData":{"ip":"::1"},"service":"docs-aggregator-service","timestamp":"07-02-2021 22:41:07"}
http: Post request for storing visit document for patient 2 {"metaData":{"ip":"::1"},"service":"docs-aggregator-service","timestamp":"07-02-2021 22:43:41"}
http: Visit report for patient 2 and healthcare professional 122 has been submitted to the queue {"metaData":{"ip":"::1"},"service":"docs-aggregator-service","timestamp":"07-02-2021 22:43:41"}
http: Post request for storing visit document for patient 2 {"metaData":{"ip":"::1"},"service":"docs-aggregator-service","timestamp":"07-02-2021 22:45:27"}
http: Visit report for patient 2 and healthcare professional 122 has been submitted to the queue:[object Object] {"metaData":{"ip":"::1"},"service":"docs-aggregator-service","timestamp":"07-02-2021 22:45:27"}
http: Post request for storing visit document for patient 2 {"metaData":{"ip":"::1"},"service":"docs-aggregator-service","timestamp":"07-02-2021 22:46:14"}
http: Visit report for patient 2 and healthcare professional 122 has been submitted to the queue:[object Object] {"metaData":{"ip":"::1"},"service":"docs-aggregator-service","timestamp":"07-02-2021 22:46:15"}
http: Post request for storing visit document for patient 2 {"metaData":{"ip":"::1"},"service":"docs-aggregator-service","timestamp":"07-02-2021 22:47:49"}
http: Visit report for patient 2 and healthcare professional 122 has been submitted to the queue:[object Object] {"metaData":{"ip":"::1"},"service":"docs-aggregator-service","timestamp":"07-02-2021 22:47:49"}
http: Post request for storing visit document for patient 2 {"metaData":{"ip":"::1"},"service":"docs-aggregator-service","timestamp":"07-02-2021 22:49:33"}
http: Visit report for patient 2 and healthcare professional 122 has been submitted to the queue:[object Object] {"metaData":{"ip":"::1"},"service":"docs-aggregator-service","timestamp":"07-02-2021 22:49:33"}
http: Post request for storing visit document for patient 2 {"metaData":{"ip":"::1"},"service":"docs-aggregator-service","timestamp":"07-02-2021 22:50:29"}
http: Visit report for patient 2 and healthcare professional 122 has been submitted to the queue:11 {"metaData":{"ip":"::1"},"service":"docs-aggregator-service","timestamp":"07-02-2021 22:50:29"}
http: Post request for storing visit document for patient 2 {"metaData":{"ip":"::1"},"service":"docs-aggregator-service","timestamp":"07-02-2021 22:51:17"}
http: Visit report for patient 2 and healthcare professional 122 has been submitted to the queue {"metaData":{"ip":"::1"},"service":"docs-aggregator-service","timestamp":"07-02-2021 22:51:17"}
http: Get request for documents belonging to patient 11 {"service":"docs-aggregator-service","timestamp":"07-02-2021 23:03:06"}
http: Request for documents belonging to patient 11 added successfully to the queue {"service":"docs-aggregator-service","timestamp":"07-02-2021 23:03:07"}
http: Get request for documents belonging to patient 11 {"service":"docs-aggregator-service","timestamp":"07-02-2021 23:03:34"}
http: Request for documents belonging to patient 11 added successfully to the queue {"service":"docs-aggregator-service","timestamp":"07-02-2021 23:03:34"}
error: Request for documents belonging to patient 11 failed to add to the queue {"service":"docs-aggregator-service","timestamp":"07-02-2021 23:03:34"}
http: Get request for documents belonging to patient 11 {"service":"docs-aggregator-service","timestamp":"07-02-2021 23:04:04"}
http: Request for documents belonging to patient 11 added successfully to the queue {"service":"docs-aggregator-service","timestamp":"07-02-2021 23:04:04"}
http: Get request for documents belonging to patient 11 {"service":"docs-aggregator-service","timestamp":"07-02-2021 23:05:14"}
http: Request for documents belonging to patient 11 added successfully to the queue {"service":"docs-aggregator-service","timestamp":"07-02-2021 23:05:14"}
http: Get request for documents belonging to patient 11 {"service":"docs-aggregator-service","timestamp":"07-02-2021 23:06:16"}
http: Request for documents belonging to patient 11 added successfully to the queue {"service":"docs-aggregator-service","timestamp":"07-02-2021 23:06:16"}
http: Post request for storing visit document for patient 2 {"metaData":{"ip":"::1"},"service":"docs-aggregator-service","timestamp":"07-02-2021 23:31:27"}
http: Visit report for patient 2 and healthcare professional 122 has been submitted to the queue {"metaData":{"ip":"::1"},"service":"docs-aggregator-service","timestamp":"07-02-2021 23:31:27"}
http: Post request for storing visit document for patient 2 {"metaData":{"ip":"::1"},"service":"docs-aggregator-service","timestamp":"07-02-2021 23:33:03"}
http: Visit report for patient 2 and healthcare professional 122 has been submitted to the queue {"metaData":{"ip":"::1"},"service":"docs-aggregator-service","timestamp":"07-02-2021 23:33:03"}
http: Post request for storing visit document for patient 2 {"metaData":{"ip":"::1"},"service":"docs-aggregator-service","timestamp":"07-02-2021 23:33:57"}
http: Visit report for patient 2 and healthcare professional 122 has been submitted to the queue {"metaData":{"ip":"::1"},"service":"docs-aggregator-service","timestamp":"07-02-2021 23:33:58"}
http: Post request for storing visit document for patient 2 {"metaData":{"ip":"::1"},"service":"docs-aggregator-service","timestamp":"07-02-2021 23:55:15"}
http: Visit report for patient 2 and healthcare professional 122 has been submitted to the queue {"metaData":{"ip":"::1"},"service":"docs-aggregator-service","timestamp":"07-02-2021 23:55:15"}
http: Post request for storing visit document for patient 3 {"metaData":{"ip":"::1"},"service":"docs-aggregator-service","timestamp":"08-02-2021 17:55:44"}
http: Visit report for patient 3 and healthcare professional 123 has been submitted to the queue {"metaData":{"ip":"::1"},"service":"docs-aggregator-service","timestamp":"08-02-2021 17:55:45"}
http: Post request for storing visit document for patient 3 {"metaData":{"ip":"::1"},"service":"docs-aggregator-service","timestamp":"08-02-2021 18:15:15"}
http: Visit report for patient 3 and healthcare professional 123 has been submitted to the queue {"metaData":{"ip":"::1"},"service":"docs-aggregator-service","timestamp":"08-02-2021 18:15:15"}
http: Post request for storing visit document for patient 3 {"metaData":{"ip":"::1"},"service":"docs-aggregator-service","timestamp":"08-02-2021 18:43:07"}
http: Visit report for patient 3 and healthcare professional 123 has been submitted to the queue {"metaData":{"ip":"::1"},"service":"docs-aggregator-service","timestamp":"08-02-2021 18:43:07"}
http: Post request for storing visit document for patient 3 {"metaData":{"ip":"::1"},"service":"docs-aggregator-service","timestamp":"08-02-2021 19:35:18"}
http: Visit report for patient 3 and healthcare professional 123 has been submitted to the queue {"metaData":{"ip":"::1"},"service":"docs-aggregator-service","timestamp":"08-02-2021 19:35:19"}
http: Post request for storing visit document for patient 30 {"metaData":{"ip":"::1"},"service":"docs-aggregator-service","timestamp":"08-02-2021 19:57:16"}
http: Visit report for patient 30 and healthcare professional 100 has been submitted to the queue {"metaData":{"ip":"::1"},"service":"docs-aggregator-service","timestamp":"08-02-2021 19:57:16"}
http: Post request for storing visit document for patient 789 {"metaData":{"ip":"::1"},"service":"docs-aggregator-service","timestamp":"22-03-2021 18:24:15"}
http: Visit report for patient 789 and healthcare professional 257 has been submitted to the queue {"metaData":{"performedBy":"257"},"service":"docs-aggregator-service","timestamp":"22-03-2021 18:24:15"}
http: Post request for storing visit document for patient 789 {"metaData":{"ip":"::1"},"service":"docs-aggregator-service","timestamp":"22-03-2021 18:34:21"}
http: Visit report for patient 789 and healthcare professional 257 has been submitted to the queue {"metaData":{"performedBy":"257"},"service":"docs-aggregator-service","timestamp":"22-03-2021 18:34:21"}
http: Post request for storing visit document for patient 789 {"metaData":{"ip":"::1"},"service":"docs-aggregator-service","timestamp":"22-03-2021 18:37:43"}
http: Visit report for patient 789 and healthcare professional 257 has been submitted to the queue {"metaData":{"performedBy":"257"},"service":"docs-aggregator-service","timestamp":"22-03-2021 18:37:43"}
http: Post request for storing visit document for patient 789 {"metaData":{"ip":"::1"},"service":"docs-aggregator-service","timestamp":"22-03-2021 18:39:18"}
http: Visit report for patient 789 and healthcare professional 257 has been submitted to the queue {"metaData":{"performedBy":"257"},"service":"docs-aggregator-service","timestamp":"22-03-2021 18:39:19"}
http: Post request for storing visit document for patient 789 {"metaData":{"ip":"::1"},"service":"docs-aggregator-service","timestamp":"22-03-2021 18:41:48"}
http: Visit report for patient 789 and healthcare professional 257 has been submitted to the queue {"metaData":{"performedBy":"257"},"service":"docs-aggregator-service","timestamp":"22-03-2021 18:41:48"}
http: Post request for storing visit document for patient 789 {"metaData":{"ip":"::1"},"service":"docs-aggregator-service","timestamp":"22-03-2021 18:43:12"}
http: Visit report for patient 789 and healthcare professional 257 has been submitted to the queue {"metaData":{"performedBy":"257"},"service":"docs-aggregator-service","timestamp":"22-03-2021 18:43:12"}
http: Post request for storing visit document for patient 789 {"metaData":{"ip":"::1"},"service":"docs-aggregator-service","timestamp":"22-03-2021 18:44:40"}
http: Visit report for patient 789 and healthcare professional 257 has been submitted to the queue {"metaData":{"performedBy":"257"},"service":"docs-aggregator-service","timestamp":"22-03-2021 18:44:40"}
http: Post request for storing visit document for patient 789 {"metaData":{"ip":"::1"},"service":"docs-aggregator-service","timestamp":"22-03-2021 18:45:26"}
http: Visit report for patient 789 and healthcare professional 257 has been submitted to the queue {"metaData":{"performedBy":"257"},"service":"docs-aggregator-service","timestamp":"22-03-2021 18:45:26"}
http: Post request for storing visit document for patient 789 {"metaData":{"ip":"::1"},"service":"docs-aggregator-service","timestamp":"22-03-2021 19:18:47"}
http: Visit report for patient 789 and healthcare professional 257 has been submitted to the queue {"metaData":{"performedBy":"257"},"service":"docs-aggregator-service","timestamp":"22-03-2021 19:18:47"}
http: Post request for storing visit document for patient 790 {"metaData":{"ip":"::1"},"service":"docs-aggregator-service","timestamp":"22-03-2021 19:41:56"}
http: Visit report for patient 790 and healthcare professional 257 has been submitted to the queue {"metaData":{"performedBy":"257"},"service":"docs-aggregator-service","timestamp":"22-03-2021 19:41:56"}
http: Post request for storing visit document for patient 790 {"metaData":{"ip":"::1"},"service":"docs-aggregator-service","timestamp":"22-03-2021 19:42:59"}
http: Visit report for patient 790 and healthcare professional 257 has been submitted to the queue {"metaData":{"performedBy":"257"},"service":"docs-aggregator-service","timestamp":"22-03-2021 19:42:59"}
http: Post request for storing visit document for patient 790 {"metaData":{"ip":"::1"},"service":"docs-aggregator-service","timestamp":"22-03-2021 19:43:58"}
http: Visit report for patient 790 and healthcare professional 257 has been submitted to the queue {"metaData":{"performedBy":"257"},"service":"docs-aggregator-service","timestamp":"22-03-2021 19:43:58"}
http: Post request for storing visit document for patient 790 {"metaData":{"ip":"::1"},"service":"docs-aggregator-service","timestamp":"22-03-2021 19:44:26"}
http: Visit report for patient 790 and healthcare professional 257 has been submitted to the queue {"metaData":{"performedBy":"257"},"service":"docs-aggregator-service","timestamp":"22-03-2021 19:44:26"}
http: Post request for storing visit document for patient 790 {"metaData":{"ip":"::1"},"service":"docs-aggregator-service","timestamp":"22-03-2021 19:48:18"}
http: Visit report for patient 790 and healthcare professional 257 has been submitted to the queue {"metaData":{"performedBy":"257"},"service":"docs-aggregator-service","timestamp":"22-03-2021 19:48:18"}
http: Post request for storing visit document for patient 790 {"metaData":{"ip":"::1"},"service":"docs-aggregator-service","timestamp":"22-03-2021 19:48:52"}
http: Visit report for patient 790 and healthcare professional 257 has been submitted to the queue {"metaData":{"performedBy":"257"},"service":"docs-aggregator-service","timestamp":"22-03-2021 19:48:52"}
http: Post request for storing visit document for patient 790 {"metaData":{"ip":"::1"},"service":"docs-aggregator-service","timestamp":"22-03-2021 19:49:19"}
http: Visit report for patient 790 and healthcare professional 257 has been submitted to the queue {"metaData":{"performedBy":"257"},"service":"docs-aggregator-service","timestamp":"22-03-2021 19:49:19"}
http: Post request for storing visit document for patient 790 {"metaData":{"ip":"::1"},"service":"docs-aggregator-service","timestamp":"22-03-2021 19:50:28"}
http: Visit report for patient 790 and healthcare professional 257 has been submitted to the queue {"metaData":{"performedBy":"257"},"service":"docs-aggregator-service","timestamp":"22-03-2021 19:50:28"}
http: Post request for storing visit document for patient 790 {"metaData":{"ip":"::1"},"service":"docs-aggregator-service","timestamp":"22-03-2021 19:51:18"}
http: Visit report for patient 790 and healthcare professional 257 has been submitted to the queue {"metaData":{"performedBy":"257"},"service":"docs-aggregator-service","timestamp":"22-03-2021 19:51:19"}
http: Post request for storing visit document for patient 790 {"metaData":{"ip":"::1"},"service":"docs-aggregator-service","timestamp":"22-03-2021 19:53:03"}
http: Visit report for patient 790 and healthcare professional 257 has been submitted to the queue {"metaData":{"performedBy":"257"},"service":"docs-aggregator-service","timestamp":"22-03-2021 19:53:03"}
http: Post request for storing visit document for patient 790 {"metaData":{"ip":"::1"},"service":"docs-aggregator-service","timestamp":"22-03-2021 19:55:08"}
http: Visit report for patient 790 and healthcare professional 257 has been submitted to the queue {"metaData":{"performedBy":"257"},"service":"docs-aggregator-service","timestamp":"22-03-2021 19:55:08"}
http: Post request for storing visit document for patient 790 {"metaData":{"ip":"::1"},"service":"docs-aggregator-service","timestamp":"22-03-2021 19:56:19"}
http: Visit report for patient 790 and healthcare professional 257 has been submitted to the queue {"metaData":{"performedBy":"257"},"service":"docs-aggregator-service","timestamp":"22-03-2021 19:56:19"}
http: Post request for storing visit document for patient 790 {"metaData":{"ip":"::1"},"service":"docs-aggregator-service","timestamp":"22-03-2021 19:58:52"}
http: Visit report for patient 790 and healthcare professional 257 has been submitted to the queue {"metaData":{"performedBy":"257"},"service":"docs-aggregator-service","timestamp":"22-03-2021 19:58:52"}
http: Post request for storing visit document for patient 790 {"metaData":{"ip":"::1"},"service":"docs-aggregator-service","timestamp":"22-03-2021 19:59:29"}
http: Visit report for patient 790 and healthcare professional 257 has been submitted to the queue {"metaData":{"performedBy":"257"},"service":"docs-aggregator-service","timestamp":"22-03-2021 19:59:29"}
http: Post request for storing visit document for patient 790 {"metaData":{"ip":"::1"},"service":"docs-aggregator-service","timestamp":"22-03-2021 20:21:53"}
http: Visit report for patient 790 and healthcare professional 257 has been submitted to the queue {"metaData":{"performedBy":"257"},"service":"docs-aggregator-service","timestamp":"22-03-2021 20:21:53"}
http: Post request for storing visit document for patient 790 {"metaData":{"ip":"::1"},"service":"docs-aggregator-service","timestamp":"22-03-2021 20:23:07"}
http: Visit report for patient 790 and healthcare professional 257 has been submitted to the queue {"metaData":{"performedBy":"257"},"service":"docs-aggregator-service","timestamp":"22-03-2021 20:23:07"}
http: Post request for storing visit document for patient 790 {"metaData":{"ip":"::1"},"service":"docs-aggregator-service","timestamp":"22-03-2021 20:24:20"}
http: Visit report for patient 790 and healthcare professional 257 has been submitted to the queue {"metaData":{"performedBy":"257"},"service":"docs-aggregator-service","timestamp":"22-03-2021 20:24:20"}
http: Post request for storing visit document for patient 790 {"metaData":{"ip":"::1"},"service":"docs-aggregator-service","timestamp":"22-03-2021 20:28:23"}
http: Visit report for patient 790 and healthcare professional 257 has been submitted to the queue {"metaData":{"performedBy":"257"},"service":"docs-aggregator-service","timestamp":"22-03-2021 20:28:23"}
http: Post request for storing visit document for patient 790 {"metaData":{"ip":"::1"},"service":"docs-aggregator-service","timestamp":"22-03-2021 20:29:01"}
http: Visit report for patient 790 and healthcare professional 257 has been submitted to the queue {"metaData":{"performedBy":"257"},"service":"docs-aggregator-service","timestamp":"22-03-2021 20:29:01"}
http: Post request for storing visit document for patient 790 {"metaData":{"ip":"::1"},"service":"docs-aggregator-service","timestamp":"22-03-2021 20:29:45"}
http: Visit report for patient 790 and healthcare professional 257 has been submitted to the queue {"metaData":{"performedBy":"257"},"service":"docs-aggregator-service","timestamp":"22-03-2021 20:29:45"}
http: Post request for storing visit document for patient 790 {"metaData":{"ip":"::1"},"service":"docs-aggregator-service","timestamp":"22-03-2021 20:30:24"}
http: Visit report for patient 790 and healthcare professional 257 has been submitted to the queue {"metaData":{"performedBy":"257"},"service":"docs-aggregator-service","timestamp":"22-03-2021 20:30:24"}
http: Post request for storing visit document for patient 790 {"metaData":{"ip":"::1"},"service":"docs-aggregator-service","timestamp":"22-03-2021 20:31:02"}
http: Visit report for patient 790 and healthcare professional 257 has been submitted to the queue {"metaData":{"performedBy":"257"},"service":"docs-aggregator-service","timestamp":"22-03-2021 20:31:02"}
http: Post request for storing visit document for patient 790 {"metaData":{"ip":"::1"},"service":"docs-aggregator-service","timestamp":"22-03-2021 20:31:18"}
http: Visit report for patient 790 and healthcare professional 257 has been submitted to the queue {"metaData":{"performedBy":"257"},"service":"docs-aggregator-service","timestamp":"22-03-2021 20:31:18"}
http: Post request for storing visit document for patient 790 {"metaData":{"ip":"::1"},"service":"docs-aggregator-service","timestamp":"22-03-2021 20:47:26"}
http: Visit report for patient 790 and healthcare professional 257 has been submitted to the queue {"metaData":{"performedBy":"257"},"service":"docs-aggregator-service","timestamp":"22-03-2021 20:47:26"}
http: Post request for storing visit document for patient 790 {"metaData":{"ip":"::1"},"service":"docs-aggregator-service","timestamp":"22-03-2021 20:47:56"}
http: Visit report for patient 790 and healthcare professional 257 has been submitted to the queue {"metaData":{"performedBy":"257"},"service":"docs-aggregator-service","timestamp":"22-03-2021 20:47:56"}
http: Post request for storing visit document for patient 790 {"metaData":{"ip":"::1"},"service":"docs-aggregator-service","timestamp":"22-03-2021 20:48:22"}
http: Visit report for patient 790 and healthcare professional 257 has been submitted to the queue {"metaData":{"performedBy":"257"},"service":"docs-aggregator-service","timestamp":"22-03-2021 20:48:22"}
http: Post request for storing visit document for patient 790 {"metaData":{"ip":"::1"},"service":"docs-aggregator-service","timestamp":"22-03-2021 20:48:47"}
http: Visit report for patient 790 and healthcare professional 257 has been submitted to the queue {"metaData":{"performedBy":"257"},"service":"docs-aggregator-service","timestamp":"22-03-2021 20:48:47"}
http: Post request for storing visit document for patient 790 {"metaData":{"ip":"::1"},"service":"docs-aggregator-service","timestamp":"22-03-2021 22:55:11"}
http: Visit report for patient 790 and healthcare professional 257 has been submitted to the queue {"metaData":{"performedBy":"257"},"service":"docs-aggregator-service","timestamp":"22-03-2021 22:55:12"}
http: Post request for storing visit document for patient 790 {"metaData":{"ip":"::1"},"service":"docs-aggregator-service","timestamp":"22-03-2021 22:56:15"}
http: Visit report for patient 790 and healthcare professional 257 has been submitted to the queue {"metaData":{"performedBy":"257"},"service":"docs-aggregator-service","timestamp":"22-03-2021 22:56:15"}
http: Post request for storing visit document for patient 790 {"metaData":{"ip":"::1"},"service":"docs-aggregator-service","timestamp":"22-03-2021 22:57:12"}
http: Visit report for patient 790 and healthcare professional 257 has been submitted to the queue {"metaData":{"performedBy":"257"},"service":"docs-aggregator-service","timestamp":"22-03-2021 22:57:12"}
http: Post request for storing visit document for patient 790 {"metaData":{"ip":"::1"},"service":"docs-aggregator-service","timestamp":"22-03-2021 23:00:02"}
http: Visit report for patient 790 and healthcare professional 257 has been submitted to the queue {"metaData":{"performedBy":"257"},"service":"docs-aggregator-service","timestamp":"22-03-2021 23:00:02"}
http: Post request for storing visit document for patient 790 {"metaData":{"ip":"::1"},"service":"docs-aggregator-service","timestamp":"22-03-2021 23:01:33"}
http: Visit report for patient 790 and healthcare professional 257 has been submitted to the queue {"metaData":{"performedBy":"257"},"service":"docs-aggregator-service","timestamp":"22-03-2021 23:01:33"}
http: Post request for storing visit document for patient 790 {"metaData":{"ip":"::1"},"service":"docs-aggregator-service","timestamp":"22-03-2021 23:02:03"}
http: Visit report for patient 790 and healthcare professional 257 has been submitted to the queue {"metaData":{"performedBy":"257"},"service":"docs-aggregator-service","timestamp":"22-03-2021 23:02:03"}
http: Post request for storing visit document for patient 790 {"metaData":{"ip":"::1"},"service":"docs-aggregator-service","timestamp":"22-03-2021 23:02:49"}
http: Visit report for patient 790 and healthcare professional 257 has been submitted to the queue {"metaData":{"performedBy":"257"},"service":"docs-aggregator-service","timestamp":"22-03-2021 23:02:49"}
http: Post request for storing visit document for patient 790 {"metaData":{"ip":"::1"},"service":"docs-aggregator-service","timestamp":"22-03-2021 23:08:41"}
http: Visit report for patient 790 and healthcare professional 257 has been submitted to the queue {"metaData":{"performedBy":"257"},"service":"docs-aggregator-service","timestamp":"22-03-2021 23:08:41"}
http: Post request for storing visit document for patient 790 {"metaData":{"ip":"::1"},"service":"docs-aggregator-service","timestamp":"22-03-2021 23:09:26"}
http: Visit report for patient 790 and healthcare professional 257 has been submitted to the queue {"metaData":{"performedBy":"257"},"service":"docs-aggregator-service","timestamp":"22-03-2021 23:09:26"}
http: Post request for storing visit document for patient 790 {"metaData":{"ip":"::1"},"service":"docs-aggregator-service","timestamp":"22-03-2021 23:10:49"}
http: Visit report for patient 790 and healthcare professional 257 has been submitted to the queue {"metaData":{"performedBy":"257"},"service":"docs-aggregator-service","timestamp":"22-03-2021 23:10:49"}
http: Post request for storing visit document for patient 790 {"metaData":{"ip":"::1"},"service":"docs-aggregator-service","timestamp":"22-03-2021 23:11:28"}
http: Visit report for patient 790 and healthcare professional 257 has been submitted to the queue {"metaData":{"performedBy":"257"},"service":"docs-aggregator-service","timestamp":"22-03-2021 23:11:28"}
http: Post request for storing visit document for patient 790 {"metaData":{"ip":"::1"},"service":"docs-aggregator-service","timestamp":"22-03-2021 23:14:01"}
http: Visit report for patient 790 and healthcare professional 257 has been submitted to the queue {"metaData":{"performedBy":"257"},"service":"docs-aggregator-service","timestamp":"22-03-2021 23:14:01"}
http: Post request for storing visit document for patient 790 {"metaData":{"ip":"::1"},"service":"docs-aggregator-service","timestamp":"22-03-2021 23:15:30"}
http: Visit report for patient 790 and healthcare professional 257 has been submitted to the queue {"metaData":{"performedBy":"257"},"service":"docs-aggregator-service","timestamp":"22-03-2021 23:15:31"}
http: Post request for storing visit document for patient 790 {"metaData":{"ip":"::1"},"service":"docs-aggregator-service","timestamp":"22-03-2021 23:16:14"}
http: Visit report for patient 790 and healthcare professional 257 has been submitted to the queue {"metaData":{"performedBy":"257"},"service":"docs-aggregator-service","timestamp":"22-03-2021 23:16:14"}
http: Post request for storing visit document for patient 790 {"metaData":{"ip":"::1"},"service":"docs-aggregator-service","timestamp":"22-03-2021 23:19:48"}
http: Visit report for patient 790 and healthcare professional 257 has been submitted to the queue {"metaData":{"performedBy":"257"},"service":"docs-aggregator-service","timestamp":"22-03-2021 23:19:48"}
http: Post request for storing visit document for patient 790 {"metaData":{"ip":"::1"},"service":"docs-aggregator-service","timestamp":"22-03-2021 23:20:49"}
http: Visit report for patient 790 and healthcare professional 257 has been submitted to the queue {"metaData":{"performedBy":"257"},"service":"docs-aggregator-service","timestamp":"22-03-2021 23:20:49"}
http: Post request for storing visit document for patient 790 {"metaData":{"ip":"::1"},"service":"docs-aggregator-service","timestamp":"22-03-2021 23:23:32"}
http: Visit report for patient 790 and healthcare professional 257 has been submitted to the queue {"metaData":{"performedBy":"257"},"service":"docs-aggregator-service","timestamp":"22-03-2021 23:23:32"}
http: Post request for storing visit document for patient 790 {"metaData":{"ip":"::1"},"service":"docs-aggregator-service","timestamp":"22-03-2021 23:25:05"}
http: Visit report for patient 790 and healthcare professional 257 has been submitted to the queue {"metaData":{"performedBy":"257"},"service":"docs-aggregator-service","timestamp":"22-03-2021 23:25:05"}
http: Post request for storing visit document for patient 790 {"metaData":{"ip":"::1"},"service":"docs-aggregator-service","timestamp":"22-03-2021 23:28:13"}
http: Visit report for patient 790 and healthcare professional 257 has been submitted to the queue {"metaData":{"performedBy":"257"},"service":"docs-aggregator-service","timestamp":"22-03-2021 23:28:13"}
http: Post request for storing visit document for patient 790 {"metaData":{"ip":"::1"},"service":"docs-aggregator-service","timestamp":"22-03-2021 23:29:49"}
http: Visit report for patient 790 and healthcare professional 257 has been submitted to the queue {"metaData":{"performedBy":"257"},"service":"docs-aggregator-service","timestamp":"22-03-2021 23:29:49"}
http: Post request for storing visit document for patient 790 {"metaData":{"ip":"::1"},"service":"docs-aggregator-service","timestamp":"22-03-2021 23:30:36"}
http: Visit report for patient 790 and healthcare professional 257 has been submitted to the queue {"metaData":{"performedBy":"257"},"service":"docs-aggregator-service","timestamp":"22-03-2021 23:30:36"}
http: Post request for storing visit document for patient 790 {"metaData":{"ip":"::1"},"service":"docs-aggregator-service","timestamp":"22-03-2021 23:31:32"}
http: Visit report for patient 790 and healthcare professional 257 has been submitted to the queue {"metaData":{"performedBy":"257"},"service":"docs-aggregator-service","timestamp":"22-03-2021 23:31:32"}
http: Post request for storing visit document for patient 790 {"metaData":{"ip":"::1"},"service":"docs-aggregator-service","timestamp":"22-03-2021 23:31:49"}
http: Visit report for patient 790 and healthcare professional 257 has been submitted to the queue {"metaData":{"performedBy":"257"},"service":"docs-aggregator-service","timestamp":"22-03-2021 23:31:49"}
http: Post request for storing visit document for patient 790 {"metaData":{"ip":"::1"},"service":"docs-aggregator-service","timestamp":"22-03-2021 23:34:44"}
http: Visit report for patient 790 and healthcare professional 257 has been submitted to the queue {"metaData":{"performedBy":"257"},"service":"docs-aggregator-service","timestamp":"22-03-2021 23:34:44"}
http: Post request for storing visit document for patient 790 {"metaData":{"ip":"::1"},"service":"docs-aggregator-service","timestamp":"22-03-2021 23:43:37"}
http: Visit report for patient 790 and healthcare professional 257 has been submitted to the queue {"metaData":{"performedBy":"257"},"service":"docs-aggregator-service","timestamp":"22-03-2021 23:43:37"}
http: Post request for storing visit document for patient 790 {"metaData":{"ip":"::1"},"service":"docs-aggregator-service","timestamp":"22-03-2021 23:47:58"}
http: Visit report for patient 790 and healthcare professional 257 has been submitted to the queue {"metaData":{"performedBy":"257"},"service":"docs-aggregator-service","timestamp":"22-03-2021 23:47:58"}
http: Post request for storing visit document for patient 790 {"metaData":{"ip":"::1"},"service":"docs-aggregator-service","timestamp":"22-03-2021 23:57:12"}
http: Visit report for patient 790 and healthcare professional 257 has been submitted to the queue {"metaData":{"performedBy":"257"},"service":"docs-aggregator-service","timestamp":"22-03-2021 23:57:12"}
http: Post request for storing visit document for patient 790 {"metaData":{"ip":"::1"},"service":"docs-aggregator-service","timestamp":"23-03-2021 00:01:15"}
http: Visit report for patient 790 and healthcare professional 257 has been submitted to the queue {"metaData":{"performedBy":"257"},"service":"docs-aggregator-service","timestamp":"23-03-2021 00:01:15"}
http: Post request for storing visit document for patient 790 {"metaData":{"ip":"::1"},"service":"docs-aggregator-service","timestamp":"23-03-2021 00:06:20"}
http: Visit report for patient 790 and healthcare professional 257 has been submitted to the queue {"metaData":{"performedBy":"257"},"service":"docs-aggregator-service","timestamp":"23-03-2021 00:06:20"}
http: Post request for storing visit document for patient 997 {"metaData":{"ip":"::1"},"service":"docs-aggregator-service","timestamp":"23-03-2021 00:23:47"}
http: Visit report for patient 997 and healthcare professional 998 has been submitted to the queue {"metaData":{"performedBy":"998"},"service":"docs-aggregator-service","timestamp":"23-03-2021 00:23:47"}
http: Post request for storing visit document for patient 997 {"metaData":{"ip":"::1"},"service":"docs-aggregator-service","timestamp":"23-03-2021 00:26:10"}
http: Visit report for patient 997 and healthcare professional 998 has been submitted to the queue {"metaData":{"performedBy":"998"},"service":"docs-aggregator-service","timestamp":"23-03-2021 00:26:10"}
http: Post request for storing visit document for patient 997 {"metaData":{"ip":"::1"},"service":"docs-aggregator-service","timestamp":"23-03-2021 00:28:39"}
http: Visit report for patient 997 and healthcare professional 998 has been submitted to the queue {"metaData":{"performedBy":"998"},"service":"docs-aggregator-service","timestamp":"23-03-2021 00:28:39"}
http: Post request for storing visit document for patient 997 {"metaData":{"ip":"::1"},"service":"docs-aggregator-service","timestamp":"23-03-2021 00:29:08"}
http: Visit report for patient 997 and healthcare professional 998 has been submitted to the queue {"metaData":{"performedBy":"998"},"service":"docs-aggregator-service","timestamp":"23-03-2021 00:29:08"}
http: Post request for storing visit document for patient 997 {"metaData":{"ip":"::1"},"service":"docs-aggregator-service","timestamp":"23-03-2021 00:31:56"}
http: Visit report for patient 997 and healthcare professional 998 has been submitted to the queue {"metaData":{"performedBy":"998"},"service":"docs-aggregator-service","timestamp":"23-03-2021 00:31:56"}
http: Post request for storing visit document for patient 997 {"metaData":{"ip":"::1"},"service":"docs-aggregator-service","timestamp":"23-03-2021 00:35:40"}
http: Visit report for patient 997 and healthcare professional 998 has been submitted to the queue {"metaData":{"performedBy":"998"},"service":"docs-aggregator-service","timestamp":"23-03-2021 00:35:40"}
http: Post request for storing visit document for patient 997 {"metaData":{"ip":"::1"},"service":"docs-aggregator-service","timestamp":"01-04-2021 18:24:32"}
http: Post request for storing visit document for patient 997 {"metaData":{"ip":"::1"},"service":"docs-aggregator-service","timestamp":"01-04-2021 21:05:12"}
http: Visit report for patient 997 and healthcare professional 998 has been submitted to the queue {"metaData":{"performedBy":"998"},"service":"docs-aggregator-service","timestamp":"01-04-2021 21:05:12"}
http: Post request for storing visit document for patient 997 {"metaData":{"ip":"::1"},"service":"docs-aggregator-service","timestamp":"01-04-2021 21:09:26"}
http: Visit report for patient 997 and healthcare professional 998 has been submitted to the queue {"metaData":{"performedBy":"998"},"service":"docs-aggregator-service","timestamp":"01-04-2021 21:09:26"}
http: Post request for storing visit document for patient 997 {"metaData":{"ip":"::1"},"service":"docs-aggregator-service","timestamp":"01-04-2021 21:12:50"}
http: Visit report for patient 997 and healthcare professional 998 has been submitted to the queue {"metaData":{"performedBy":"998"},"service":"docs-aggregator-service","timestamp":"01-04-2021 21:12:50"}
http: Post request for storing visit document for patient 999 {"metaData":{"ip":"::1"},"service":"docs-aggregator-service","timestamp":"02-04-2021 11:18:46"}
http: Post request for storing visit document for patient 999 {"metaData":{"ip":"::1"},"service":"docs-aggregator-service","timestamp":"02-04-2021 11:20:04"}
http: Post request for storing visit document for patient 999 {"metaData":{"ip":"::1"},"service":"docs-aggregator-service","timestamp":"02-04-2021 11:24:25"}
http: Post request for storing visit document for patient 999 {"metaData":{"ip":"::1"},"service":"docs-aggregator-service","timestamp":"02-04-2021 11:25:30"}
http: Post request for storing visit document for patient 999 {"metaData":{"ip":"::1"},"service":"docs-aggregator-service","timestamp":"02-04-2021 11:28:18"}
http: Post request for storing visit document for patient 999 {"metaData":{"ip":"::1"},"service":"docs-aggregator-service","timestamp":"02-04-2021 11:30:32"}
http: Post request for storing visit document for patient 999 {"metaData":{"ip":"::1"},"service":"docs-aggregator-service","timestamp":"02-04-2021 11:31:01"}
http: Post request for storing visit document for patient 999 {"metaData":{"ip":"::1"},"service":"docs-aggregator-service","timestamp":"02-04-2021 11:31:24"}
http: Post request for storing visit document for patient 453 {"metaData":{"ip":"::1"},"service":"docs-aggregator-service","timestamp":"02-04-2021 11:39:13"}
http: Visit report for patient 453 and healthcare professional 998 has been submitted to the queue {"metaData":{"performedBy":"998"},"service":"docs-aggregator-service","timestamp":"02-04-2021 11:39:13"}
http: Post request for storing visit document for patient 453 {"metaData":{"ip":"::1"},"service":"docs-aggregator-service","timestamp":"02-04-2021 11:41:42"}
http: Post request for storing visit document for patient 453 {"metaData":{"ip":"::1"},"service":"docs-aggregator-service","timestamp":"02-04-2021 11:44:48"}
http: Post request for storing visit document for patient 453 {"metaData":{"ip":"::1"},"service":"docs-aggregator-service","timestamp":"02-04-2021 11:46:11"}
error: Some error occured while submitting the visit report for patient 453 and healthcare professional 998 to the queue {"metaData":{},"service":"docs-aggregator-service","timestamp":"02-04-2021 11:46:11"}
http: Post request for storing visit document for patient 453 {"metaData":{"ip":"::1"},"service":"docs-aggregator-service","timestamp":"02-04-2021 11:47:17"}
error: Some error occured while submitting the visit report for patient 453 and healthcare professional 998 to the queue {"metaData":{},"service":"docs-aggregator-service","timestamp":"02-04-2021 11:47:17"}
http: Post request for storing visit document for patient 453 {"metaData":{"ip":"::1"},"service":"docs-aggregator-service","timestamp":"02-04-2021 11:53:36"}
http: Visit report for patient 453 and healthcare professional 998 has been submitted to the queue {"metaData":{"performedBy":"998"},"service":"docs-aggregator-service","timestamp":"02-04-2021 11:53:36"}
http: Post request for storing visit document for patient 453 {"metaData":{"ip":"::1"},"service":"docs-aggregator-service","timestamp":"02-04-2021 11:54:29"}
http: Visit report for patient 453 and healthcare professional 998 has been submitted to the queue {"metaData":{"performedBy":"998"},"service":"docs-aggregator-service","timestamp":"02-04-2021 11:54:29"}
http: Post request for storing visit document for patient 453 {"metaData":{"ip":"::1"},"service":"docs-aggregator-service","timestamp":"02-04-2021 12:07:20"}
http: Visit report for patient 453 and healthcare professional 998 has been submitted to the queue {"metaData":{"performedBy":"998"},"service":"docs-aggregator-service","timestamp":"02-04-2021 12:07:20"}
http: Post request for storing visit document for patient 454 {"metaData":{"ip":"::1"},"service":"docs-aggregator-service","timestamp":"02-04-2021 12:27:12"}
http: Visit report for patient 454 and healthcare professional 998 has been submitted to the queue {"metaData":{"performedBy":"998"},"service":"docs-aggregator-service","timestamp":"02-04-2021 12:27:12"}
http: Post request for storing visit document for patient 455 {"metaData":{"ip":"::1"},"service":"docs-aggregator-service","timestamp":"02-04-2021 12:27:48"}
http: Visit report for patient 455 and healthcare professional 998 has been submitted to the queue {"metaData":{"performedBy":"998"},"service":"docs-aggregator-service","timestamp":"02-04-2021 12:27:48"}
